<?xml version="1.0" encoding="UTF-8"?>
<testng-results ignored="0" total="1" passed="1" failed="0" skipped="0">
  <reporter-output>
  </reporter-output>
  <suite started-at="2024-06-14T09:07:33 BST" name="Default Suite" finished-at="2024-06-14T09:07:35 BST" duration-ms="1421">
    <groups>
    </groups>
    <test started-at="2024-06-14T09:07:33 BST" name="RESTAssured1" finished-at="2024-06-14T09:07:35 BST" duration-ms="1421">
      <class name="APITests">
        <test-method signature="test1()[pri:0, instance:APITests@25b485ba]" started-at="2024-06-14T09:07:33 BST" name="test1" finished-at="2024-06-14T09:07:35 BST" duration-ms="1391" status="PASS">
          <reporter-output>
          </reporter-output>
        </test-method> <!-- test1 -->
      </class> <!-- APITests -->
    </test> <!-- RESTAssured1 -->
  </suite> <!-- Default Suite -->
</testng-results>
